<?xml version="1.0" encoding="UTF-8"?>
<!-- Generated by org.testng.reporters.JUnitReportReporter -->
<testsuite skipped="0" hostname="Sreenivas" name="com.tests.DemoTest1" tests="1" failures="0" timestamp="28 Oct 2018 07:06:08 GMT" time="0.014" errors="0">
  <testcase name="sum" time="0.014" classname="com.tests.DemoTest1"/>
</testsuite> <!-- com.tests.DemoTest1 -->
