<?xml version="1.0" encoding="UTF-8"?>
<!-- Generated by org.testng.reporters.JUnitReportReporter -->
<testsuite skipped="0" hostname="Sreenivas" name="com.tests.LaunchBrowserer" tests="1" failures="0" timestamp="28 Oct 2018 11:02:43 GMT" time="67.444" errors="0">
  <testcase name="launchbrowser" time="67.444" classname="com.tests.LaunchBrowserer"/>
</testsuite> <!-- com.tests.LaunchBrowserer -->
