<?xml version="1.0" encoding="UTF-8"?>
<!-- Generated by org.testng.reporters.JUnitReportReporter -->
<testsuite skipped="0" hostname="Sreenivas" name="com.tests.LaunchBrowserer" tests="1" failures="0" timestamp="09 Mar 2019 04:05:46 GMT" time="93.399" errors="0">
  <testcase name="launchbrowser" time="93.399" classname="com.tests.LaunchBrowserer"/>
</testsuite> <!-- com.tests.LaunchBrowserer -->
