<?xml version="1.0" encoding="UTF-8"?>
<!-- Generated by org.testng.reporters.JUnitReportReporter -->
<testsuite skipped="0" hostname="Sreenivas" name="com.tests.LaunchBrowserer" tests="1" failures="0" timestamp="28 Oct 2018 10:17:24 GMT" time="235.485" errors="0">
  <testcase name="launchbrowser" time="235.485" classname="com.tests.LaunchBrowserer"/>
</testsuite> <!-- com.tests.LaunchBrowserer -->
